Using pre-set license
Built from '2022.3/staging' branch; Version is '2022.3.17f1 (4fc78088f837) revision 5228416'; Using compiler version '192829333'; Build Type 'Release'
OS: 'Windows 11  (10.0.22631) 64bit Professional' Language: 'en' Physical Memory: 32712 MB
BatchMode: 1, IsHumanControllingUs: 0, StartBugReporterOnCrash: 0, Is64bit: 1, IsPro: 1

COMMAND LINE ARGUMENTS:
C:\Program Files\Unity\Hub\Editor\2022.3.17f1\Editor\Unity.exe
-adb2
-batchMode
-noUpm
-name
AssetImportWorker0
-projectPath
C:/UnityProjects/DrRunner
-logFile
Logs/AssetImportWorker0.log
-srvPort
59316
Successfully changed project path to: C:/UnityProjects/DrRunner
C:/UnityProjects/DrRunner
[UnityMemory] Configuration Parameters - Can be set up in boot.config
    "memorysetup-bucket-allocator-granularity=16"
    "memorysetup-bucket-allocator-bucket-count=8"
    "memorysetup-bucket-allocator-block-size=33554432"
    "memorysetup-bucket-allocator-block-count=8"
    "memorysetup-main-allocator-block-size=16777216"
    "memorysetup-thread-allocator-block-size=16777216"
    "memorysetup-gfx-main-allocator-block-size=16777216"
    "memorysetup-gfx-thread-allocator-block-size=16777216"
    "memorysetup-cache-allocator-block-size=4194304"
    "memorysetup-typetree-allocator-block-size=2097152"
    "memorysetup-profiler-bucket-allocator-granularity=16"
    "memorysetup-profiler-bucket-allocator-bucket-count=8"
    "memorysetup-profiler-bucket-allocator-block-size=33554432"
    "memorysetup-profiler-bucket-allocator-block-count=8"
    "memorysetup-profiler-allocator-block-size=16777216"
    "memorysetup-profiler-editor-allocator-block-size=1048576"
    "memorysetup-temp-allocator-size-main=16777216"
    "memorysetup-job-temp-allocator-block-size=2097152"
    "memorysetup-job-temp-allocator-block-size-background=1048576"
    "memorysetup-job-temp-allocator-reduction-small-platforms=262144"
    "memorysetup-allocator-temp-initial-block-size-main=262144"
    "memorysetup-allocator-temp-initial-block-size-worker=262144"
    "memorysetup-temp-allocator-size-background-worker=32768"
    "memorysetup-temp-allocator-size-job-worker=262144"
    "memorysetup-temp-allocator-size-preload-manager=33554432"
    "memorysetup-temp-allocator-size-nav-mesh-worker=65536"
    "memorysetup-temp-allocator-size-audio-worker=65536"
    "memorysetup-temp-allocator-size-cloud-worker=32768"
    "memorysetup-temp-allocator-size-gi-baking-worker=262144"
    "memorysetup-temp-allocator-size-gfx=262144"
Player connection [39000] Host "[IP] 192.168.18.13 [Port] 0 [Flags] 2 [Guid] 2380853297 [EditorId] 2380853297 [Version] 1048832 [Id] WindowsEditor(7,DESKTOP-D9VB8R2) [Debug] 1 [PackageName] WindowsEditor [ProjectName] Editor" joined multi-casting on [225.0.0.222:54997]...

Player connection [39000] Host "[IP] 192.168.18.13 [Port] 0 [Flags] 2 [Guid] 2380853297 [EditorId] 2380853297 [Version] 1048832 [Id] WindowsEditor(7,DESKTOP-D9VB8R2) [Debug] 1 [PackageName] WindowsEditor [ProjectName] Editor" joined alternative multi-casting on [225.0.0.222:34997]...

[Physics::Module] Initialized MultithreadedJobDispatcher with 11 workers.
Refreshing native plugins compatible for Editor in 47.95 ms, found 8 plugins.
Preloading 0 native plugins for Editor in 0.00 ms.
Initialize engine version: 2022.3.17f1 (4fc78088f837)
[Subsystems] Discovering subsystems at path C:/Program Files/Unity/Hub/Editor/2022.3.17f1/Editor/Data/Resources/UnitySubsystems
[Subsystems] Discovering subsystems at path C:/UnityProjects/DrRunner/Assets
GfxDevice: creating device client; threaded=0; jobified=0
Direct3D:
    Version:  Direct3D 11.0 [level 11.1]
    Renderer: AMD Radeon RX 580 2048SP (ID=0x6fdf)
    Vendor:   ATI
    VRAM:     8170 MB
    Driver:   31.0.21910.5
Initialize mono
Mono path[0] = 'C:/Program Files/Unity/Hub/Editor/2022.3.17f1/Editor/Data/Managed'
Mono path[1] = 'C:/Program Files/Unity/Hub/Editor/2022.3.17f1/Editor/Data/MonoBleedingEdge/lib/mono/unityjit-win32'
Mono config path = 'C:/Program Files/Unity/Hub/Editor/2022.3.17f1/Editor/Data/MonoBleedingEdge/etc'
Using monoOptions --debugger-agent=transport=dt_socket,embedding=1,server=y,suspend=n,address=127.0.0.1:56920
Begin MonoManager ReloadAssembly
Registering precompiled unity dll's ...
Register platform support module: C:/Program Files/Unity/Hub/Editor/2022.3.17f1/Editor/Data/PlaybackEngines/AndroidPlayer/UnityEditor.Android.Extensions.dll
Register platform support module: C:/Program Files/Unity/Hub/Editor/2022.3.17f1/Editor/Data/PlaybackEngines/WindowsStandaloneSupport/UnityEditor.WindowsStandalone.Extensions.dll
Registered in 0.007096 seconds.
- Loaded All Assemblies, in  0.392 seconds
Native extension for WindowsStandalone target not found
Native extension for Android target not found
Android Extension - Scanning For ADB Devices 364 ms
Mono: successfully reloaded assembly
- Finished resetting the current domain, in  0.696 seconds
Domain Reload Profiling: 1087ms
	BeginReloadAssembly (115ms)
		ExecutionOrderSort (0ms)
		DisableScriptedObjects (0ms)
		BackupInstance (0ms)
		ReleaseScriptingObjects (0ms)
		CreateAndSetChildDomain (1ms)
	RebuildCommonClasses (35ms)
	RebuildNativeTypeToScriptingClass (12ms)
	initialDomainReloadingComplete (63ms)
	LoadAllAssembliesAndSetupDomain (166ms)
		LoadAssemblies (114ms)
		RebuildTransferFunctionScriptingTraits (0ms)
		AnalyzeDomain (163ms)
			TypeCache.Refresh (162ms)
				TypeCache.ScanAssembly (146ms)
			ScanForSourceGeneratedMonoScriptInfo (0ms)
			ResolveRequiredComponents (1ms)
	FinalizeReload (696ms)
		ReleaseScriptCaches (0ms)
		RebuildScriptCaches (0ms)
		SetupLoadedEditorAssemblies (633ms)
			LogAssemblyErrors (0ms)
			InitializePlatformSupportModulesInManaged (477ms)
			SetLoadedEditorAssemblies (4ms)
			RefreshPlugins (0ms)
			BeforeProcessingInitializeOnLoad (3ms)
			ProcessInitializeOnLoadAttributes (106ms)
			ProcessInitializeOnLoadMethodAttributes (44ms)
			AfterProcessingInitializeOnLoad (0ms)
			EditorAssembliesLoaded (0ms)
		ExecutionOrderSort2 (0ms)
		AwakeInstancesAfterBackupRestoration (0ms)
========================================================================
Worker process is ready to serve import requests
Begin MonoManager ReloadAssembly
Assembly 'Assets/ExternalDependencyManager/Editor/1.2.179/Google.IOSResolver.dll' will not be loaded due to errors:
Unable to resolve reference 'UnityEditor.iOS.Extensions.Xcode'. Is the assembly missing or incompatible with the current platform?
Reference validation can be disabled in the Plugin Inspector.
Symbol file LoadedFromMemory is not a mono symbol file
Assembly 'Assets/Firebase/Editor/Firebase.Editor.dll' will not be loaded due to errors:
Unable to resolve reference 'UnityEditor.iOS.Extensions.Xcode'. Is the assembly missing or incompatible with the current platform?
Reference validation can be disabled in the Plugin Inspector.
- Loaded All Assemblies, in  0.696 seconds
Refreshing native plugins compatible for Editor in 31.05 ms, found 8 plugins.
Native extension for WindowsStandalone target not found
Native extension for Android target not found
Package Manager log level set to [2]
[Package Manager] Server::EnsureServerProcessIsRunning -- launch failed, reason: Unity was launched with the -noUpm command-line argument
[Package Manager] UpmClient::Send -- Unable to send message (not connected to UPM process).
[Package Manager] Cannot connect to Unity Package Manager local server
Mono: successfully reloaded assembly
- Finished resetting the current domain, in  0.985 seconds
Domain Reload Profiling: 1678ms
	BeginReloadAssembly (147ms)
		ExecutionOrderSort (0ms)
		DisableScriptedObjects (5ms)
		BackupInstance (0ms)
		ReleaseScriptingObjects (0ms)
		CreateAndSetChildDomain (24ms)
	RebuildCommonClasses (35ms)
	RebuildNativeTypeToScriptingClass (11ms)
	initialDomainReloadingComplete (38ms)
	LoadAllAssembliesAndSetupDomain (461ms)
		LoadAssemblies (373ms)
		RebuildTransferFunctionScriptingTraits (0ms)
		AnalyzeDomain (172ms)
			TypeCache.Refresh (132ms)
				TypeCache.ScanAssembly (110ms)
			ScanForSourceGeneratedMonoScriptInfo (32ms)
			ResolveRequiredComponents (6ms)
	FinalizeReload (986ms)
		ReleaseScriptCaches (0ms)
		RebuildScriptCaches (0ms)
		SetupLoadedEditorAssemblies (792ms)
			LogAssemblyErrors (0ms)
			InitializePlatformSupportModulesInManaged (24ms)
			SetLoadedEditorAssemblies (5ms)
			RefreshPlugins (0ms)
			BeforeProcessingInitializeOnLoad (73ms)
			ProcessInitializeOnLoadAttributes (523ms)
			ProcessInitializeOnLoadMethodAttributes (161ms)
			AfterProcessingInitializeOnLoad (6ms)
			EditorAssembliesLoaded (0ms)
		ExecutionOrderSort2 (0ms)
		AwakeInstancesAfterBackupRestoration (5ms)
Launched and connected shader compiler UnityShaderCompiler.exe after 0.05 seconds
Refreshing native plugins compatible for Editor in 24.49 ms, found 8 plugins.
Preloading 0 native plugins for Editor in 0.00 ms.
Unloading 3808 Unused Serialized files (Serialized files now loaded: 0)
Unloading 222 unused Assets / (2.0 MB). Loaded Objects now: 4126.
Memory consumption went from 192.4 MB to 190.5 MB.
Total: 9.934800 ms (FindLiveObjects: 0.385500 ms CreateObjectMapping: 0.110200 ms MarkObjects: 8.739700 ms  DeleteObjects: 0.697700 ms)

AssetImportParameters requested are different than current active one (requested -> active):
  custom:container-demuxer-ogg: 62fdf1f143b41e24485cea50d1cbac27 -> 
  custom:video-codec-MediaFoundation-h265: 746d11721c4dcdbdad8f713fa42b33f4 -> 
  custom:video-decoder-ogg-theora: a1e56fd34408186e4bbccfd4996cb3dc -> 
  custom:framework-win-MediaFoundation: 216162199b28c13a410421893ffa2e32 -> 
  custom:CustomObjectIndexerAttribute: 6d391050e5a25f67b0a2c618074f2cd9 -> 
  custom:container-demuxer-webm: 4f35f7cbe854078d1ac9338744f61a02 -> 
  custom:container-muxer-webm: aa71ff27fc2769a1b78a27578f13a17b -> 
  custom:video-decoder-webm-vp8: 9c59270c3fd7afecdb556c50c9e8de78 -> 
  custom:SearchIndexIgnoredProperties: e643bd26f0fe6173181afceb89e7c659 -> 
  custom:AudioImporter_EditorPlatform: d09bf68614088b80899f8185d706f6e7 -> 
  custom:video-encoder-webm-vp8: eb34c28f22e8b96e1ab97ce403110664 -> 
  custom:audio-decoder-ogg-vorbis: bf7c407c2cedff20999df2af8eb42d56 -> 
  custom:audio-encoder-webm-vorbis: bf7c407c2cedff20999df2af8eb42d56 -> 
========================================================================
Received Import Request.
  Time since last request: 26060.200501 seconds.
  path: Assets/BRICK.fbx
  artifactKey: Guid(ed01986958353a5499ac97863f89f933) Importer(815301076,1909f56bfc062723c751e8b465ee728b)
Start importing Assets/BRICK.fbx using Guid(ed01986958353a5499ac97863f89f933) Importer(815301076,1909f56bfc062723c751e8b465ee728b)  -> (artifact id: '1352723ad438bc14a591aeb8db51ca4c') in 0.346359 seconds
Number of updated asset objects reloaded before import = 0
Number of asset objects unloaded after import = 14
========================================================================
Received Import Request.
  Time since last request: 0.000029 seconds.
  path: Assets/MainCharac.prefab
  artifactKey: Guid(f07931f45bebd9d4593511d625a17c34) Importer(815301076,1909f56bfc062723c751e8b465ee728b)
Start importing Assets/MainCharac.prefab using Guid(f07931f45bebd9d4593511d625a17c34) Importer(815301076,1909f56bfc062723c751e8b465ee728b)  -> (artifact id: 'eea5410f98cb8dcbee5723eef038844b') in 0.001209 seconds
Number of updated asset objects reloaded before import = 0
Number of asset objects unloaded after import = 1
========================================================================
Received Import Request.
  Time since last request: 0.000031 seconds.
  path: Assets/_MyScene/Level_11.fbx
  artifactKey: Guid(81f7ec22459ac9243bfbf80eedfde7e1) Importer(815301076,1909f56bfc062723c751e8b465ee728b)
Start importing Assets/_MyScene/Level_11.fbx using Guid(81f7ec22459ac9243bfbf80eedfde7e1) Importer(815301076,1909f56bfc062723c751e8b465ee728b)  -> (artifact id: '15d2086ad8a8ea32031d09fc175d9a00') in 1.127983 seconds
Number of updated asset objects reloaded before import = 0
Number of asset objects unloaded after import = 2742
========================================================================
Received Import Request.
  Time since last request: 0.000025 seconds.
  path: Assets/Level_16.fbx
  artifactKey: Guid(47c246f24b8ed6b4b8baa7221b203709) Importer(815301076,1909f56bfc062723c751e8b465ee728b)
Start importing Assets/Level_16.fbx using Guid(47c246f24b8ed6b4b8baa7221b203709) Importer(815301076,1909f56bfc062723c751e8b465ee728b)  -> (artifact id: '526d849b571ac81fc11728cca8c364ac') in 1.904233 seconds
Number of updated asset objects reloaded before import = 0
Number of asset objects unloaded after import = 4631
========================================================================
Received Import Request.
  Time since last request: 0.000039 seconds.
  path: Assets/5.fbx
  artifactKey: Guid(5805a40c1cf03bb4ca757fa7607fa2cf) Importer(815301076,1909f56bfc062723c751e8b465ee728b)
Start importing Assets/5.fbx using Guid(5805a40c1cf03bb4ca757fa7607fa2cf) Importer(815301076,1909f56bfc062723c751e8b465ee728b)  -> (artifact id: '87b8638f2ff065374f188f34b37945a8') in 0.629326 seconds
Number of updated asset objects reloaded before import = 0
Number of asset objects unloaded after import = 536
========================================================================
Received Import Request.
  Time since last request: 0.000027 seconds.
  path: Assets/_MyScene/Level_12.fbx
  artifactKey: Guid(e6db1be636a49e346b3a122759fadec7) Importer(815301076,1909f56bfc062723c751e8b465ee728b)
Start importing Assets/_MyScene/Level_12.fbx using Guid(e6db1be636a49e346b3a122759fadec7) Importer(815301076,1909f56bfc062723c751e8b465ee728b)  -> (artifact id: '9e8134ef590af86986ee1c8ea9cac79a') in 0.649774 seconds
Number of updated asset objects reloaded before import = 0
Number of asset objects unloaded after import = 3325
========================================================================
Received Import Request.
  Time since last request: 0.000062 seconds.
  path: Assets/_MyScene/Level_17.fbx
  artifactKey: Guid(d8c09e66935e82f419b9a960d3a8a214) Importer(815301076,1909f56bfc062723c751e8b465ee728b)
Start importing Assets/_MyScene/Level_17.fbx using Guid(d8c09e66935e82f419b9a960d3a8a214) Importer(815301076,1909f56bfc062723c751e8b465ee728b)  -> (artifact id: 'f8b4788c875ad9707ea7ce3c5cc16a17') in 0.670342 seconds
Number of updated asset objects reloaded before import = 0
Number of asset objects unloaded after import = 2762
========================================================================
Received Prepare
Begin MonoManager ReloadAssembly
Assembly 'Assets/ExternalDependencyManager/Editor/1.2.179/Google.IOSResolver.dll' will not be loaded due to errors:
Unable to resolve reference 'UnityEditor.iOS.Extensions.Xcode'. Is the assembly missing or incompatible with the current platform?
Reference validation can be disabled in the Plugin Inspector.
Symbol file LoadedFromMemory is not a mono symbol file
Assembly 'Assets/Firebase/Editor/Firebase.Editor.dll' will not be loaded due to errors:
Unable to resolve reference 'UnityEditor.iOS.Extensions.Xcode'. Is the assembly missing or incompatible with the current platform?
Reference validation can be disabled in the Plugin Inspector.
- Loaded All Assemblies, in  0.475 seconds
Refreshing native plugins compatible for Editor in 26.11 ms, found 8 plugins.
Native extension for WindowsStandalone target not found
Native extension for Android target not found
[Package Manager] Server::EnsureServerProcessIsRunning -- launch failed, reason: Unity was launched with the -noUpm command-line argument
[Package Manager] UpmClient::Send -- Unable to send message (not connected to UPM process).
[Package Manager] Cannot connect to Unity Package Manager local server
Mono: successfully reloaded assembly
- Finished resetting the current domain, in  1.190 seconds
Domain Reload Profiling: 1662ms
	BeginReloadAssembly (157ms)
		ExecutionOrderSort (0ms)
		DisableScriptedObjects (4ms)
		BackupInstance (0ms)
		ReleaseScriptingObjects (0ms)
		CreateAndSetChildDomain (41ms)
	RebuildCommonClasses (31ms)
	RebuildNativeTypeToScriptingClass (12ms)
	initialDomainReloadingComplete (33ms)
	LoadAllAssembliesAndSetupDomain (239ms)
		LoadAssemblies (299ms)
		RebuildTransferFunctionScriptingTraits (0ms)
		AnalyzeDomain (13ms)
			TypeCache.Refresh (5ms)
				TypeCache.ScanAssembly (0ms)
			ScanForSourceGeneratedMonoScriptInfo (0ms)
			ResolveRequiredComponents (6ms)
	FinalizeReload (1191ms)
		ReleaseScriptCaches (0ms)
		RebuildScriptCaches (0ms)
		SetupLoadedEditorAssemblies (708ms)
			LogAssemblyErrors (0ms)
			InitializePlatformSupportModulesInManaged (21ms)
			SetLoadedEditorAssemblies (5ms)
			RefreshPlugins (0ms)
			BeforeProcessingInitializeOnLoad (70ms)
			ProcessInitializeOnLoadAttributes (470ms)
			ProcessInitializeOnLoadMethodAttributes (137ms)
			AfterProcessingInitializeOnLoad (5ms)
			EditorAssembliesLoaded (0ms)
		ExecutionOrderSort2 (0ms)
		AwakeInstancesAfterBackupRestoration (5ms)
Refreshing native plugins compatible for Editor in 43.75 ms, found 8 plugins.
Preloading 0 native plugins for Editor in 0.00 ms.
Unloading 3718 Unused Serialized files (Serialized files now loaded: 0)
Unloading 201 unused Assets / (2.0 MB). Loaded Objects now: 4186.
Memory consumption went from 166.5 MB to 164.5 MB.
Total: 13.879000 ms (FindLiveObjects: 0.671300 ms CreateObjectMapping: 0.147700 ms MarkObjects: 11.870700 ms  DeleteObjects: 1.187100 ms)

Prepare: number of updated asset objects reloaded= 0
AssetImportParameters requested are different than current active one (requested -> active):
  custom:container-demuxer-ogg: 62fdf1f143b41e24485cea50d1cbac27 -> 
  custom:video-codec-MediaFoundation-h265: 746d11721c4dcdbdad8f713fa42b33f4 -> 
  custom:video-decoder-ogg-theora: a1e56fd34408186e4bbccfd4996cb3dc -> 
  custom:framework-win-MediaFoundation: 216162199b28c13a410421893ffa2e32 -> 
  custom:CustomObjectIndexerAttribute: 6d391050e5a25f67b0a2c618074f2cd9 -> 
  custom:container-demuxer-webm: 4f35f7cbe854078d1ac9338744f61a02 -> 
  custom:container-muxer-webm: aa71ff27fc2769a1b78a27578f13a17b -> 
  custom:video-decoder-webm-vp8: 9c59270c3fd7afecdb556c50c9e8de78 -> 
  custom:SearchIndexIgnoredProperties: e643bd26f0fe6173181afceb89e7c659 -> 
  custom:AudioImporter_EditorPlatform: d09bf68614088b80899f8185d706f6e7 -> 
  custom:video-encoder-webm-vp8: eb34c28f22e8b96e1ab97ce403110664 -> 
  custom:audio-decoder-ogg-vorbis: bf7c407c2cedff20999df2af8eb42d56 -> 
  custom:audio-encoder-webm-vorbis: bf7c407c2cedff20999df2af8eb42d56 -> 
========================================================================
Received Import Request.
  Time since last request: 60.565566 seconds.
  path: Assets/_MyScene/New_Levels/2.1.fbx
  artifactKey: Guid(3ee8bec6e1577af468f21b736871a241) Importer(815301076,1909f56bfc062723c751e8b465ee728b)
Start importing Assets/_MyScene/New_Levels/2.1.fbx using Guid(3ee8bec6e1577af468f21b736871a241) Importer(815301076,1909f56bfc062723c751e8b465ee728b)  -> (artifact id: '12a18a41def2e666ceaae3050fd53a78') in 0.824345 seconds
Number of updated asset objects reloaded before import = 0
Number of asset objects unloaded after import = 719
========================================================================
Received Import Request.
  Time since last request: 0.000029 seconds.
  path: Assets/_MyScene/New_Levels/6.1.fbx
  artifactKey: Guid(3f8628091e7fe5a42ac70af1664f3cc2) Importer(815301076,1909f56bfc062723c751e8b465ee728b)
Start importing Assets/_MyScene/New_Levels/6.1.fbx using Guid(3f8628091e7fe5a42ac70af1664f3cc2) Importer(815301076,1909f56bfc062723c751e8b465ee728b)  -> (artifact id: 'e5b6c0603f3913ae5211a730b8e8751e') in 0.799526 seconds
Number of updated asset objects reloaded before import = 0
Number of asset objects unloaded after import = 738
========================================================================
Received Import Request.
  Time since last request: 0.000029 seconds.
  path: Assets/_MyScene/New_Levels/5.1.fbx
  artifactKey: Guid(b9163a2df88957f4b959f388f8f9391a) Importer(815301076,1909f56bfc062723c751e8b465ee728b)
Start importing Assets/_MyScene/New_Levels/5.1.fbx using Guid(b9163a2df88957f4b959f388f8f9391a) Importer(815301076,1909f56bfc062723c751e8b465ee728b)  -> (artifact id: 'e2356b622dfeec484c8e2a10098a8786') in 0.072303 seconds
Number of updated asset objects reloaded before import = 0
Number of asset objects unloaded after import = 18
========================================================================
Received Import Request.
  Time since last request: 0.000038 seconds.
  path: Assets/Materials/1601.m00.i121.n032.S.c12.201754925 Red brick wall vector seamless background.jpg
  artifactKey: Guid(2878165b00e0dab4a8fc8dca255f62b5) Importer(815301076,1909f56bfc062723c751e8b465ee728b)
Start importing Assets/Materials/1601.m00.i121.n032.S.c12.201754925 Red brick wall vector seamless background.jpg using Guid(2878165b00e0dab4a8fc8dca255f62b5) Importer(815301076,1909f56bfc062723c751e8b465ee728b)  -> (artifact id: '001ddfe82378a6be0096605231d5ef46') in 0.022937 seconds
Number of updated asset objects reloaded before import = 0
Number of asset objects unloaded after import = 2
========================================================================
Received Import Request.
  Time since last request: 0.000016 seconds.
  path: Assets/_MyScene/New_Levels/9.1.fbx
  artifactKey: Guid(cb6ac2774f767ea418310e94a5d1cb35) Importer(815301076,1909f56bfc062723c751e8b465ee728b)
Start importing Assets/_MyScene/New_Levels/9.1.fbx using Guid(cb6ac2774f767ea418310e94a5d1cb35) Importer(815301076,1909f56bfc062723c751e8b465ee728b)  -> (artifact id: '8b9cd2ad355583dc9950af55aa783192') in 0.723141 seconds
Number of updated asset objects reloaded before import = 0
Number of asset objects unloaded after import = 718
