Using pre-set license
Built from '2022.3/staging' branch; Version is '2022.3.17f1 (4fc78088f837) revision 5228416'; Using compiler version '192829333'; Build Type 'Release'
OS: 'Windows 11  (10.0.22631) 64bit Professional' Language: 'en' Physical Memory: 32712 MB
BatchMode: 1, IsHumanControllingUs: 0, StartBugReporterOnCrash: 0, Is64bit: 1, IsPro: 1

COMMAND LINE ARGUMENTS:
C:\Program Files\Unity\Hub\Editor\2022.3.17f1\Editor\Unity.exe
-adb2
-batchMode
-noUpm
-name
AssetImportWorker1
-projectPath
C:/UnityProjects/DrRunner
-logFile
Logs/AssetImportWorker1.log
-srvPort
59316
Successfully changed project path to: C:/UnityProjects/DrRunner
C:/UnityProjects/DrRunner
[UnityMemory] Configuration Parameters - Can be set up in boot.config
    "memorysetup-bucket-allocator-granularity=16"
    "memorysetup-bucket-allocator-bucket-count=8"
    "memorysetup-bucket-allocator-block-size=33554432"
    "memorysetup-bucket-allocator-block-count=8"
    "memorysetup-main-allocator-block-size=16777216"
    "memorysetup-thread-allocator-block-size=16777216"
    "memorysetup-gfx-main-allocator-block-size=16777216"
    "memorysetup-gfx-thread-allocator-block-size=16777216"
    "memorysetup-cache-allocator-block-size=4194304"
    "memorysetup-typetree-allocator-block-size=2097152"
    "memorysetup-profiler-bucket-allocator-granularity=16"
    "memorysetup-profiler-bucket-allocator-bucket-count=8"
    "memorysetup-profiler-bucket-allocator-block-size=33554432"
    "memorysetup-profiler-bucket-allocator-block-count=8"
    "memorysetup-profiler-allocator-block-size=16777216"
    "memorysetup-profiler-editor-allocator-block-size=1048576"
    "memorysetup-temp-allocator-size-main=16777216"
    "memorysetup-job-temp-allocator-block-size=2097152"
    "memorysetup-job-temp-allocator-block-size-background=1048576"
    "memorysetup-job-temp-allocator-reduction-small-platforms=262144"
    "memorysetup-allocator-temp-initial-block-size-main=262144"
    "memorysetup-allocator-temp-initial-block-size-worker=262144"
    "memorysetup-temp-allocator-size-background-worker=32768"
    "memorysetup-temp-allocator-size-job-worker=262144"
    "memorysetup-temp-allocator-size-preload-manager=33554432"
    "memorysetup-temp-allocator-size-nav-mesh-worker=65536"
    "memorysetup-temp-allocator-size-audio-worker=65536"
    "memorysetup-temp-allocator-size-cloud-worker=32768"
    "memorysetup-temp-allocator-size-gi-baking-worker=262144"
    "memorysetup-temp-allocator-size-gfx=262144"
Player connection [7360] Host "[IP] 192.168.18.13 [Port] 0 [Flags] 2 [Guid] 4197940790 [EditorId] 4197940790 [Version] 1048832 [Id] WindowsEditor(7,DESKTOP-D9VB8R2) [Debug] 1 [PackageName] WindowsEditor [ProjectName] Editor" joined multi-casting on [225.0.0.222:54997]...

Player connection [7360] Host "[IP] 192.168.18.13 [Port] 0 [Flags] 2 [Guid] 4197940790 [EditorId] 4197940790 [Version] 1048832 [Id] WindowsEditor(7,DESKTOP-D9VB8R2) [Debug] 1 [PackageName] WindowsEditor [ProjectName] Editor" joined alternative multi-casting on [225.0.0.222:34997]...

[Physics::Module] Initialized MultithreadedJobDispatcher with 11 workers.
Refreshing native plugins compatible for Editor in 41.38 ms, found 8 plugins.
Preloading 0 native plugins for Editor in 0.00 ms.
Initialize engine version: 2022.3.17f1 (4fc78088f837)
[Subsystems] Discovering subsystems at path C:/Program Files/Unity/Hub/Editor/2022.3.17f1/Editor/Data/Resources/UnitySubsystems
[Subsystems] Discovering subsystems at path C:/UnityProjects/DrRunner/Assets
GfxDevice: creating device client; threaded=0; jobified=0
Direct3D:
    Version:  Direct3D 11.0 [level 11.1]
    Renderer: AMD Radeon RX 580 2048SP (ID=0x6fdf)
    Vendor:   ATI
    VRAM:     8170 MB
    Driver:   31.0.21910.5
Initialize mono
Mono path[0] = 'C:/Program Files/Unity/Hub/Editor/2022.3.17f1/Editor/Data/Managed'
Mono path[1] = 'C:/Program Files/Unity/Hub/Editor/2022.3.17f1/Editor/Data/MonoBleedingEdge/lib/mono/unityjit-win32'
Mono config path = 'C:/Program Files/Unity/Hub/Editor/2022.3.17f1/Editor/Data/MonoBleedingEdge/etc'
Using monoOptions --debugger-agent=transport=dt_socket,embedding=1,server=y,suspend=n,address=127.0.0.1:56240
Begin MonoManager ReloadAssembly
Registering precompiled unity dll's ...
Register platform support module: C:/Program Files/Unity/Hub/Editor/2022.3.17f1/Editor/Data/PlaybackEngines/AndroidPlayer/UnityEditor.Android.Extensions.dll
Register platform support module: C:/Program Files/Unity/Hub/Editor/2022.3.17f1/Editor/Data/PlaybackEngines/WindowsStandaloneSupport/UnityEditor.WindowsStandalone.Extensions.dll
Registered in 0.007536 seconds.
- Loaded All Assemblies, in  0.400 seconds
Native extension for WindowsStandalone target not found
Native extension for Android target not found
Android Extension - Scanning For ADB Devices 342 ms
Mono: successfully reloaded assembly
- Finished resetting the current domain, in  0.677 seconds
Domain Reload Profiling: 1075ms
	BeginReloadAssembly (116ms)
		ExecutionOrderSort (0ms)
		DisableScriptedObjects (0ms)
		BackupInstance (0ms)
		ReleaseScriptingObjects (0ms)
		CreateAndSetChildDomain (1ms)
	RebuildCommonClasses (36ms)
	RebuildNativeTypeToScriptingClass (11ms)
	initialDomainReloadingComplete (63ms)
	LoadAllAssembliesAndSetupDomain (171ms)
		LoadAssemblies (115ms)
		RebuildTransferFunctionScriptingTraits (0ms)
		AnalyzeDomain (169ms)
			TypeCache.Refresh (167ms)
				TypeCache.ScanAssembly (153ms)
			ScanForSourceGeneratedMonoScriptInfo (0ms)
			ResolveRequiredComponents (0ms)
	FinalizeReload (677ms)
		ReleaseScriptCaches (0ms)
		RebuildScriptCaches (0ms)
		SetupLoadedEditorAssemblies (614ms)
			LogAssemblyErrors (0ms)
			InitializePlatformSupportModulesInManaged (455ms)
			SetLoadedEditorAssemblies (4ms)
			RefreshPlugins (0ms)
			BeforeProcessingInitializeOnLoad (2ms)
			ProcessInitializeOnLoadAttributes (107ms)
			ProcessInitializeOnLoadMethodAttributes (46ms)
			AfterProcessingInitializeOnLoad (0ms)
			EditorAssembliesLoaded (0ms)
		ExecutionOrderSort2 (0ms)
		AwakeInstancesAfterBackupRestoration (0ms)
========================================================================
Worker process is ready to serve import requests
Begin MonoManager ReloadAssembly
Assembly 'Assets/ExternalDependencyManager/Editor/1.2.179/Google.IOSResolver.dll' will not be loaded due to errors:
Unable to resolve reference 'UnityEditor.iOS.Extensions.Xcode'. Is the assembly missing or incompatible with the current platform?
Reference validation can be disabled in the Plugin Inspector.
Symbol file LoadedFromMemory is not a mono symbol file
Assembly 'Assets/Firebase/Editor/Firebase.Editor.dll' will not be loaded due to errors:
Unable to resolve reference 'UnityEditor.iOS.Extensions.Xcode'. Is the assembly missing or incompatible with the current platform?
Reference validation can be disabled in the Plugin Inspector.
- Loaded All Assemblies, in  0.694 seconds
Refreshing native plugins compatible for Editor in 32.02 ms, found 8 plugins.
Native extension for WindowsStandalone target not found
Native extension for Android target not found
Package Manager log level set to [2]
[Package Manager] Server::EnsureServerProcessIsRunning -- launch failed, reason: Unity was launched with the -noUpm command-line argument
[Package Manager] UpmClient::Send -- Unable to send message (not connected to UPM process).
[Package Manager] Cannot connect to Unity Package Manager local server
Mono: successfully reloaded assembly
- Finished resetting the current domain, in  0.954 seconds
Domain Reload Profiling: 1645ms
	BeginReloadAssembly (150ms)
		ExecutionOrderSort (0ms)
		DisableScriptedObjects (6ms)
		BackupInstance (0ms)
		ReleaseScriptingObjects (0ms)
		CreateAndSetChildDomain (24ms)
	RebuildCommonClasses (41ms)
	RebuildNativeTypeToScriptingClass (13ms)
	initialDomainReloadingComplete (34ms)
	LoadAllAssembliesAndSetupDomain (452ms)
		LoadAssemblies (365ms)
		RebuildTransferFunctionScriptingTraits (0ms)
		AnalyzeDomain (172ms)
			TypeCache.Refresh (131ms)
				TypeCache.ScanAssembly (109ms)
			ScanForSourceGeneratedMonoScriptInfo (32ms)
			ResolveRequiredComponents (7ms)
	FinalizeReload (955ms)
		ReleaseScriptCaches (0ms)
		RebuildScriptCaches (0ms)
		SetupLoadedEditorAssemblies (790ms)
			LogAssemblyErrors (0ms)
			InitializePlatformSupportModulesInManaged (25ms)
			SetLoadedEditorAssemblies (4ms)
			RefreshPlugins (0ms)
			BeforeProcessingInitializeOnLoad (69ms)
			ProcessInitializeOnLoadAttributes (517ms)
			ProcessInitializeOnLoadMethodAttributes (167ms)
			AfterProcessingInitializeOnLoad (6ms)
			EditorAssembliesLoaded (0ms)
		ExecutionOrderSort2 (0ms)
		AwakeInstancesAfterBackupRestoration (5ms)
Launched and connected shader compiler UnityShaderCompiler.exe after 0.05 seconds
Refreshing native plugins compatible for Editor in 40.89 ms, found 8 plugins.
Preloading 0 native plugins for Editor in 0.00 ms.
Unloading 3808 Unused Serialized files (Serialized files now loaded: 0)
Unloading 222 unused Assets / (2.0 MB). Loaded Objects now: 4126.
Memory consumption went from 192.5 MB to 190.5 MB.
Total: 8.529800 ms (FindLiveObjects: 0.396200 ms CreateObjectMapping: 0.133300 ms MarkObjects: 7.213900 ms  DeleteObjects: 0.784600 ms)

AssetImportParameters requested are different than current active one (requested -> active):
  custom:container-demuxer-ogg: 62fdf1f143b41e24485cea50d1cbac27 -> 
  custom:video-codec-MediaFoundation-h265: 746d11721c4dcdbdad8f713fa42b33f4 -> 
  custom:video-decoder-ogg-theora: a1e56fd34408186e4bbccfd4996cb3dc -> 
  custom:framework-win-MediaFoundation: 216162199b28c13a410421893ffa2e32 -> 
  custom:CustomObjectIndexerAttribute: 6d391050e5a25f67b0a2c618074f2cd9 -> 
  custom:container-demuxer-webm: 4f35f7cbe854078d1ac9338744f61a02 -> 
  custom:container-muxer-webm: aa71ff27fc2769a1b78a27578f13a17b -> 
  custom:video-decoder-webm-vp8: 9c59270c3fd7afecdb556c50c9e8de78 -> 
  custom:SearchIndexIgnoredProperties: e643bd26f0fe6173181afceb89e7c659 -> 
  custom:AudioImporter_EditorPlatform: d09bf68614088b80899f8185d706f6e7 -> 
  custom:video-encoder-webm-vp8: eb34c28f22e8b96e1ab97ce403110664 -> 
  custom:audio-decoder-ogg-vorbis: bf7c407c2cedff20999df2af8eb42d56 -> 
  custom:audio-encoder-webm-vorbis: bf7c407c2cedff20999df2af8eb42d56 -> 
========================================================================
Received Import Request.
  Time since last request: 26060.178677 seconds.
  path: Assets/4-removebg-preview.png
  artifactKey: Guid(a217608e82ef0304ab4e7d2c8ffa1b6b) Importer(815301076,1909f56bfc062723c751e8b465ee728b)
Start importing Assets/4-removebg-preview.png using Guid(a217608e82ef0304ab4e7d2c8ffa1b6b) Importer(815301076,1909f56bfc062723c751e8b465ee728b)  -> (artifact id: 'fb7b38f996de29d0cc6d1cb71bb9a8ce') in 0.093366 seconds
Number of updated asset objects reloaded before import = 0
Number of asset objects unloaded after import = 3
========================================================================
Received Import Request.
  Time since last request: 0.000039 seconds.
  path: Assets/Kid_PoliceOfficer_01.prefab
  artifactKey: Guid(e41da3569d4f698489f492bcefe12ef1) Importer(815301076,1909f56bfc062723c751e8b465ee728b)
Start importing Assets/Kid_PoliceOfficer_01.prefab using Guid(e41da3569d4f698489f492bcefe12ef1) Importer(815301076,1909f56bfc062723c751e8b465ee728b)  -> (artifact id: '9821bf6a062664eccf0935161598861c') in 0.658561 seconds
Number of updated asset objects reloaded before import = 0
Number of asset objects unloaded after import = 284
========================================================================
Received Import Request.
  Time since last request: 0.000021 seconds.
  path: Assets/Kid_PoliceOfficer_01.fbx
  artifactKey: Guid(8cf394ee6ee11d84e860e31b8a38471c) Importer(815301076,1909f56bfc062723c751e8b465ee728b)
Start importing Assets/Kid_PoliceOfficer_01.fbx using Guid(8cf394ee6ee11d84e860e31b8a38471c) Importer(815301076,1909f56bfc062723c751e8b465ee728b)  -> (artifact id: 'a6eba09495f6e1f12c29abca583ab556') in 0.132716 seconds
Number of updated asset objects reloaded before import = 0
Number of asset objects unloaded after import = 146
========================================================================
Received Import Request.
  Time since last request: 0.000034 seconds.
  path: Assets/amy-removebg-preview.png
  artifactKey: Guid(039220d9cc37ecd4db1e1d48a7773a03) Importer(815301076,1909f56bfc062723c751e8b465ee728b)
Start importing Assets/amy-removebg-preview.png using Guid(039220d9cc37ecd4db1e1d48a7773a03) Importer(815301076,1909f56bfc062723c751e8b465ee728b)  -> (artifact id: 'ba3599ddb4fc1749aaa95c4bc8280b07') in 0.022017 seconds
Number of updated asset objects reloaded before import = 0
Number of asset objects unloaded after import = 3
========================================================================
Received Import Request.
  Time since last request: 0.000018 seconds.
  path: Assets/Kid_PoliceOfficer_02.prefab
  artifactKey: Guid(07525ea3a4b105044a3a8be503dabde5) Importer(815301076,1909f56bfc062723c751e8b465ee728b)
Start importing Assets/Kid_PoliceOfficer_02.prefab using Guid(07525ea3a4b105044a3a8be503dabde5) Importer(815301076,1909f56bfc062723c751e8b465ee728b)  -> (artifact id: '7db085428da5465f6376fe84e7383ad3') in 0.046357 seconds
Number of updated asset objects reloaded before import = 0
Number of asset objects unloaded after import = 284
========================================================================
Received Import Request.
  Time since last request: 0.000018 seconds.
  path: Assets/BRICK.prefab
  artifactKey: Guid(48199d73f3d98884b87c11d3d98b4029) Importer(815301076,1909f56bfc062723c751e8b465ee728b)
Start importing Assets/BRICK.prefab using Guid(48199d73f3d98884b87c11d3d98b4029) Importer(815301076,1909f56bfc062723c751e8b465ee728b)  -> (artifact id: '9aa950fa968332a710dc41264290d348') in 0.101931 seconds
Number of updated asset objects reloaded before import = 0
Number of asset objects unloaded after import = 62
========================================================================
Received Import Request.
  Time since last request: 0.000017 seconds.
  path: Assets/_MyScene/Level_18.fbx
  artifactKey: Guid(e08f1818c5b7ce1428daf6575411e814) Importer(815301076,1909f56bfc062723c751e8b465ee728b)
Start importing Assets/_MyScene/Level_18.fbx using Guid(e08f1818c5b7ce1428daf6575411e814) Importer(815301076,1909f56bfc062723c751e8b465ee728b)  -> (artifact id: '56ec761453cba003637cc90f6b90b59c') in 0.628541 seconds
Number of updated asset objects reloaded before import = 0
Number of asset objects unloaded after import = 1932
========================================================================
Received Import Request.
  Time since last request: 0.000036 seconds.
  path: Assets/_MyScene/Level_19.fbx
  artifactKey: Guid(e71cf490f07d79d47822b765f44ef921) Importer(815301076,1909f56bfc062723c751e8b465ee728b)
Start importing Assets/_MyScene/Level_19.fbx using Guid(e71cf490f07d79d47822b765f44ef921) Importer(815301076,1909f56bfc062723c751e8b465ee728b)  -> (artifact id: 'f0950dcf03c073057f8b580bd6d9dc33') in 0.846837 seconds
Number of updated asset objects reloaded before import = 0
Number of asset objects unloaded after import = 4143
========================================================================
Received Import Request.
  Time since last request: 0.000036 seconds.
  path: Assets/_MyScene/Level_14.fbx
  artifactKey: Guid(ab8ce2b86dbb5ac4d806073d0e01e6ab) Importer(815301076,1909f56bfc062723c751e8b465ee728b)
Start importing Assets/_MyScene/Level_14.fbx using Guid(ab8ce2b86dbb5ac4d806073d0e01e6ab) Importer(815301076,1909f56bfc062723c751e8b465ee728b)  -> (artifact id: '4477146eb1c2d138b39bc99824cc1f63') in 1.278520 seconds
Number of updated asset objects reloaded before import = 0
Number of asset objects unloaded after import = 3443
========================================================================
Received Import Request.
  Time since last request: 0.000025 seconds.
  path: Assets/[BRICK] Normal red.prefab
  artifactKey: Guid(5b94fbe91d5e691429e0a13b8270b24e) Importer(815301076,1909f56bfc062723c751e8b465ee728b)
Start importing Assets/[BRICK] Normal red.prefab using Guid(5b94fbe91d5e691429e0a13b8270b24e) Importer(815301076,1909f56bfc062723c751e8b465ee728b)  -> (artifact id: '7dd71e4fb76fb888c9163ac214c5521a') in 0.029707 seconds
Number of updated asset objects reloaded before import = 0
Number of asset objects unloaded after import = 134
========================================================================
Received Import Request.
  Time since last request: 0.000033 seconds.
  path: Assets/kaya-removebg-preview.png
  artifactKey: Guid(a68737c2a4ae87646a372dec9aead9d3) Importer(815301076,1909f56bfc062723c751e8b465ee728b)
Start importing Assets/kaya-removebg-preview.png using Guid(a68737c2a4ae87646a372dec9aead9d3) Importer(815301076,1909f56bfc062723c751e8b465ee728b)  -> (artifact id: 'dfc55b0a42e845b7224bfcc5ceb3f1c8') in 0.023947 seconds
Number of updated asset objects reloaded before import = 0
Number of asset objects unloaded after import = 3
========================================================================
Received Import Request.
  Time since last request: 0.000024 seconds.
  path: Assets/Kid_PoliceOfficer_02.fbx
  artifactKey: Guid(445cc73b5afce09449cdda87463da2ea) Importer(815301076,1909f56bfc062723c751e8b465ee728b)
Start importing Assets/Kid_PoliceOfficer_02.fbx using Guid(445cc73b5afce09449cdda87463da2ea) Importer(815301076,1909f56bfc062723c751e8b465ee728b)  -> (artifact id: 'aac5aa0b536494c203c0d889c3ac7024') in 0.095784 seconds
Number of updated asset objects reloaded before import = 0
Number of asset objects unloaded after import = 146
========================================================================
Received Import Request.
  Time since last request: 0.000027 seconds.
  path: Assets/ezgif.com-gif-maker.jpg
  artifactKey: Guid(87b7b2212ec39d14ba42a7f29ec89359) Importer(815301076,1909f56bfc062723c751e8b465ee728b)
Start importing Assets/ezgif.com-gif-maker.jpg using Guid(87b7b2212ec39d14ba42a7f29ec89359) Importer(815301076,1909f56bfc062723c751e8b465ee728b)  -> (artifact id: '6be0ae3df6b8b2017bb9c5196a4e7675') in 0.018055 seconds
Number of updated asset objects reloaded before import = 0
Number of asset objects unloaded after import = 2
========================================================================
Received Import Request.
  Time since last request: 0.000017 seconds.
  path: Assets/_MyScene/Level_15 (1).fbx
  artifactKey: Guid(5d382676943fd4944a87b1b14e8e9d27) Importer(815301076,1909f56bfc062723c751e8b465ee728b)
Start importing Assets/_MyScene/Level_15 (1).fbx using Guid(5d382676943fd4944a87b1b14e8e9d27) Importer(815301076,1909f56bfc062723c751e8b465ee728b)  -> (artifact id: '22b6c94e20d388cc1db76b2a10251828') in 1.199218 seconds
Number of updated asset objects reloaded before import = 0
Number of asset objects unloaded after import = 2717
========================================================================
Received Import Request.
  Time since last request: 0.000031 seconds.
  path: Assets/[BRICK] Normal red.fbx
  artifactKey: Guid(68dc4419188651d4e8b86ffead508a4c) Importer(815301076,1909f56bfc062723c751e8b465ee728b)
Start importing Assets/[BRICK] Normal red.fbx using Guid(68dc4419188651d4e8b86ffead508a4c) Importer(815301076,1909f56bfc062723c751e8b465ee728b)  -> (artifact id: '3d310566e235ccb2d9e93a6c9eaa82fb') in 0.060261 seconds
Number of updated asset objects reloaded before import = 0
Number of asset objects unloaded after import = 44
========================================================================
Received Prepare
Begin MonoManager ReloadAssembly
Assembly 'Assets/ExternalDependencyManager/Editor/1.2.179/Google.IOSResolver.dll' will not be loaded due to errors:
Unable to resolve reference 'UnityEditor.iOS.Extensions.Xcode'. Is the assembly missing or incompatible with the current platform?
Reference validation can be disabled in the Plugin Inspector.
Symbol file LoadedFromMemory is not a mono symbol file
Assembly 'Assets/Firebase/Editor/Firebase.Editor.dll' will not be loaded due to errors:
Unable to resolve reference 'UnityEditor.iOS.Extensions.Xcode'. Is the assembly missing or incompatible with the current platform?
Reference validation can be disabled in the Plugin Inspector.
- Loaded All Assemblies, in  0.479 seconds
Refreshing native plugins compatible for Editor in 25.30 ms, found 8 plugins.
Native extension for WindowsStandalone target not found
Native extension for Android target not found
[Package Manager] Server::EnsureServerProcessIsRunning -- launch failed, reason: Unity was launched with the -noUpm command-line argument
[Package Manager] UpmClient::Send -- Unable to send message (not connected to UPM process).
[Package Manager] Cannot connect to Unity Package Manager local server
Mono: successfully reloaded assembly
- Finished resetting the current domain, in  1.168 seconds
Domain Reload Profiling: 1644ms
	BeginReloadAssembly (156ms)
		ExecutionOrderSort (0ms)
		DisableScriptedObjects (4ms)
		BackupInstance (0ms)
		ReleaseScriptingObjects (0ms)
		CreateAndSetChildDomain (41ms)
	RebuildCommonClasses (43ms)
	RebuildNativeTypeToScriptingClass (12ms)
	initialDomainReloadingComplete (30ms)
	LoadAllAssembliesAndSetupDomain (234ms)
		LoadAssemblies (293ms)
		RebuildTransferFunctionScriptingTraits (0ms)
		AnalyzeDomain (14ms)
			TypeCache.Refresh (5ms)
				TypeCache.ScanAssembly (0ms)
			ScanForSourceGeneratedMonoScriptInfo (0ms)
			ResolveRequiredComponents (7ms)
	FinalizeReload (1169ms)
		ReleaseScriptCaches (0ms)
		RebuildScriptCaches (0ms)
		SetupLoadedEditorAssemblies (699ms)
			LogAssemblyErrors (0ms)
			InitializePlatformSupportModulesInManaged (22ms)
			SetLoadedEditorAssemblies (4ms)
			RefreshPlugins (0ms)
			BeforeProcessingInitializeOnLoad (64ms)
			ProcessInitializeOnLoadAttributes (464ms)
			ProcessInitializeOnLoadMethodAttributes (139ms)
			AfterProcessingInitializeOnLoad (6ms)
			EditorAssembliesLoaded (1ms)
		ExecutionOrderSort2 (0ms)
		AwakeInstancesAfterBackupRestoration (5ms)
Refreshing native plugins compatible for Editor in 48.14 ms, found 8 plugins.
Preloading 0 native plugins for Editor in 0.00 ms.
Unloading 3718 Unused Serialized files (Serialized files now loaded: 0)
Unloading 202 unused Assets / (2.0 MB). Loaded Objects now: 4197.
Memory consumption went from 167.8 MB to 165.8 MB.
Total: 12.023800 ms (FindLiveObjects: 0.545500 ms CreateObjectMapping: 0.141000 ms MarkObjects: 10.193600 ms  DeleteObjects: 1.141600 ms)

Prepare: number of updated asset objects reloaded= 0
AssetImportParameters requested are different than current active one (requested -> active):
  custom:container-demuxer-ogg: 62fdf1f143b41e24485cea50d1cbac27 -> 
  custom:video-codec-MediaFoundation-h265: 746d11721c4dcdbdad8f713fa42b33f4 -> 
  custom:video-decoder-ogg-theora: a1e56fd34408186e4bbccfd4996cb3dc -> 
  custom:framework-win-MediaFoundation: 216162199b28c13a410421893ffa2e32 -> 
  custom:CustomObjectIndexerAttribute: 6d391050e5a25f67b0a2c618074f2cd9 -> 
  custom:container-demuxer-webm: 4f35f7cbe854078d1ac9338744f61a02 -> 
  custom:container-muxer-webm: aa71ff27fc2769a1b78a27578f13a17b -> 
  custom:video-decoder-webm-vp8: 9c59270c3fd7afecdb556c50c9e8de78 -> 
  custom:SearchIndexIgnoredProperties: e643bd26f0fe6173181afceb89e7c659 -> 
  custom:AudioImporter_EditorPlatform: d09bf68614088b80899f8185d706f6e7 -> 
  custom:video-encoder-webm-vp8: eb34c28f22e8b96e1ab97ce403110664 -> 
  custom:audio-decoder-ogg-vorbis: bf7c407c2cedff20999df2af8eb42d56 -> 
  custom:audio-encoder-webm-vorbis: bf7c407c2cedff20999df2af8eb42d56 -> 
Editor requested this worker to shutdown with reason: Scaling down because of idle timeout
TcpMessagingSession - receive error: operation aborted. errorcode: 995, details: The I/O operation has been aborted because of either a thread exit or an application request.
AssetImportWorker is now disconnected from the server
Process exiting
Exiting without the bug reporter. Application will terminate with return code 0